
*** Running vivado
    with args -log TestBench.vds -m64 -mode batch -messageDb vivado.pb -notrace -source TestBench.tcl

WARNING: Default location for XILINX_VIVADO_HLS not found: 

****** Vivado v2015.2 (64-bit)
  **** SW Build 1266856 on Fri Jun 26 16:35:25 MDT 2015
  **** IP Build 1264090 on Wed Jun 24 14:22:01 MDT 2015
    ** Copyright 1986-2015 Xilinx, Inc. All Rights Reserved.

source TestBench.tcl -notrace
Command: synth_design -top TestBench -part xc7a200tfbg676-2
Starting synth_design
Attempting to get a license for feature 'Synthesis' and/or device 'xc7a200t'
INFO: [Common 17-349] Got license for feature 'Synthesis' and/or device 'xc7a200t'
---------------------------------------------------------------------------------
Starting Synthesize : Time (s): cpu = 00:00:05 ; elapsed = 00:00:05 . Memory (MB): peak = 966.332 ; gain = 156.559 ; free physical = 3576 ; free virtual = 14671
---------------------------------------------------------------------------------
ERROR: [Synth 8-2715] syntax error near ) [/home/stargrif/Viviado/lab_workspace/APVMIS/Lab1/Lab1.srcs/sources_1/new/SN74.vhd:43]
WARNING: [Synth 8-2551] possible infinite loop; process does not have a wait statement [/home/stargrif/Viviado/lab_workspace/APVMIS/Lab1/Lab1.srcs/sources_1/new/SN74.vhd:43]
INFO: [Synth 8-2810] unit behavioral ignored due to previous errors [/home/stargrif/Viviado/lab_workspace/APVMIS/Lab1/Lab1.srcs/sources_1/new/SN74.vhd:41]
---------------------------------------------------------------------------------
Finished Synthesize : Time (s): cpu = 00:00:06 ; elapsed = 00:00:06 . Memory (MB): peak = 1000.613 ; gain = 190.840 ; free physical = 3541 ; free virtual = 14636
---------------------------------------------------------------------------------
synthesize failed
INFO: [Common 17-83] Releasing license: Synthesis
3 Infos, 1 Warnings, 0 Critical Warnings and 2 Errors encountered.
synth_design failed
ERROR: [Common 17-69] Command failed: Vivado Synthesis failed
INFO: [Common 17-206] Exiting Vivado at Fri Sep 16 16:50:21 2016...
